2023-07-11T07:19:19.390+08:00  INFO 27888 --- [restartedMain] com.bitzh.demo1.Demo1Application         : Starting Demo1Application using Java 17.0.7 with PID 27888 (D:\学习资料\JAVA\SpringBoot\demo1\target\classes started by pc in D:\学习资料\JAVA\SpringBoot\demo1)
2023-07-11T07:19:19.397+08:00  INFO 27888 --- [restartedMain] com.bitzh.demo1.Demo1Application         : No active profile set, falling back to 1 default profile: "default"
2023-07-11T07:19:19.434+08:00  INFO 27888 --- [restartedMain] .e.DevToolsPropertyDefaultsPostProcessor : Devtools property defaults active! Set 'spring.devtools.add-properties' to 'false' to disable
2023-07-11T07:19:19.434+08:00  INFO 27888 --- [restartedMain] .e.DevToolsPropertyDefaultsPostProcessor : For additional web related logging consider setting the 'logging.level.web' property to 'DEBUG'
2023-07-11T07:19:20.134+08:00  INFO 27888 --- [restartedMain] o.s.b.w.embedded.tomcat.TomcatWebServer  : Tomcat initialized with port(s): 8080 (http)
2023-07-11T07:19:20.140+08:00  INFO 27888 --- [restartedMain] o.apache.catalina.core.StandardService   : Starting service [Tomcat]
2023-07-11T07:19:20.140+08:00  INFO 27888 --- [restartedMain] o.apache.catalina.core.StandardEngine    : Starting Servlet engine: [Apache Tomcat/10.1.10]
2023-07-11T07:19:20.170+08:00  INFO 27888 --- [restartedMain] o.a.c.c.C.[Tomcat].[localhost].[/]       : Initializing Spring embedded WebApplicationContext
2023-07-11T07:19:20.171+08:00  INFO 27888 --- [restartedMain] w.s.c.ServletWebServerApplicationContext : Root WebApplicationContext: initialization completed in 736 ms
2023-07-11T07:19:20.527+08:00  INFO 27888 --- [restartedMain] o.s.b.d.a.OptionalLiveReloadServer       : LiveReload server is running on port 35729
2023-07-11T07:19:20.555+08:00  INFO 27888 --- [restartedMain] o.s.b.w.embedded.tomcat.TomcatWebServer  : Tomcat started on port(s): 8080 (http) with context path ''
2023-07-11T07:19:20.561+08:00  INFO 27888 --- [restartedMain] com.bitzh.demo1.Demo1Application         : Started Demo1Application in 1.501 seconds (process running for 2.035)
2023-07-11T07:19:25.207+08:00  INFO 27888 --- [SpringApplicationShutdownHook] com.alibaba.druid.pool.DruidDataSource   : {dataSource-0} closing ...
2023-07-11T15:44:00.302+08:00  INFO 35444 --- [restartedMain] com.bitzh.demo1.Demo1Application         : Starting Demo1Application using Java 17.0.7 with PID 35444 (Z:\GitHub\TxetConnection\target\classes started by 29292 in Z:\GitHub\TxetConnection)
2023-07-11T15:44:00.304+08:00  INFO 35444 --- [restartedMain] com.bitzh.demo1.Demo1Application         : No active profile set, falling back to 1 default profile: "default"
2023-07-11T15:44:00.341+08:00  INFO 35444 --- [restartedMain] .e.DevToolsPropertyDefaultsPostProcessor : Devtools property defaults active! Set 'spring.devtools.add-properties' to 'false' to disable
2023-07-11T15:44:00.341+08:00  INFO 35444 --- [restartedMain] .e.DevToolsPropertyDefaultsPostProcessor : For additional web related logging consider setting the 'logging.level.web' property to 'DEBUG'
2023-07-11T15:44:01.058+08:00  INFO 35444 --- [restartedMain] o.s.b.w.embedded.tomcat.TomcatWebServer  : Tomcat initialized with port(s): 8080 (http)
2023-07-11T15:44:01.065+08:00  INFO 35444 --- [restartedMain] o.apache.catalina.core.StandardService   : Starting service [Tomcat]
2023-07-11T15:44:01.066+08:00  INFO 35444 --- [restartedMain] o.apache.catalina.core.StandardEngine    : Starting Servlet engine: [Apache Tomcat/10.1.10]
2023-07-11T15:44:01.102+08:00  INFO 35444 --- [restartedMain] o.a.c.c.C.[Tomcat].[localhost].[/]       : Initializing Spring embedded WebApplicationContext
2023-07-11T15:44:01.102+08:00  INFO 35444 --- [restartedMain] w.s.c.ServletWebServerApplicationContext : Root WebApplicationContext: initialization completed in 761 ms
2023-07-11T15:44:01.493+08:00  INFO 35444 --- [restartedMain] o.s.b.d.a.OptionalLiveReloadServer       : LiveReload server is running on port 35729
2023-07-11T15:44:01.519+08:00  INFO 35444 --- [restartedMain] o.s.b.w.embedded.tomcat.TomcatWebServer  : Tomcat started on port(s): 8080 (http) with context path ''
2023-07-11T15:44:01.526+08:00  INFO 35444 --- [restartedMain] com.bitzh.demo1.Demo1Application         : Started Demo1Application in 1.582 seconds (process running for 2.187)
2023-07-11T15:44:06.059+08:00  INFO 35444 --- [SpringApplicationShutdownHook] com.alibaba.druid.pool.DruidDataSource   : {dataSource-0} closing ...
